<?xml version="1.0" encoding="UTF-8"?>
<!-- Generated by org.testng.reporters.JUnitXMLReporter -->
<testsuite hostname="HomeLaptop-PC" name="Simple Web Elements" tests="3" failures="0" timestamp="5 Sep 2016 09:35:32 GMT" time="183.836" errors="0">
  <testcase name="testAlert" time="8.04" classname="com.tranings.advanceselenium.waytoautomation.tests.TestScriptAdvanceElements"/>
  <testcase name="ToolTipTesting" time="27.545" classname="com.tranings.advanceselenium.waytoautomation.tests.TestScriptSimpleElements"/>
  <testcase name="testDynamicElements" time="7.716" classname="com.tranings.advanceselenium.waytoautomation.tests.TestScriptSimpleElements"/>
</testsuite> <!-- Simple Web Elements -->
