<?xml version="1.0" encoding="UTF-8"?>
<!-- Generated by org.testng.reporters.JUnitXMLReporter -->
<testsuite hostname="HomeLaptop-PC" name="Test" tests="1" failures="1" timestamp="11 May 2016 06:43:00 GMT" time="0.083" errors="0">
  <testcase name="testDatePicker" time="0.053" classname="com.tranings.advanceselenium.waytoautomation.tests.TestScriptSimpleElements">
    <failure type="java.lang.NullPointerException">
      <![CDATA[java.lang.NullPointerException
	at com.google.common.base.Preconditions.checkNotNull(Preconditions.java:212)
	at org.openqa.selenium.support.ui.FluentWait.<init>(FluentWait.java:102)
	at org.openqa.selenium.support.ui.WebDriverWait.<init>(WebDriverWait.java:71)
	at org.openqa.selenium.support.ui.WebDriverWait.<init>(WebDriverWait.java:45)
	at com.tranings.advanceselenium.waytoautomation.library.Utils.minWaitForElement(Utils.java:11)
	at com.tranings.advanceselenium.waytoautomation.pages.DatePicker.pickDate(DatePicker.java:32)
	at com.tranings.advanceselenium.waytoautomation.tests.TestScriptSimpleElements.testDatePicker(TestScriptSimpleElements.java:28)
... Removed 24 stack frames]]>
    </failure>
  </testcase> <!-- testDatePicker -->
</testsuite> <!-- Test -->
