<?xml version="1.0" encoding="UTF-8"?>
<!-- Generated by org.testng.reporters.JUnitXMLReporter -->
<testsuite hostname="HomeLaptop-PC" name="Way To Automation Simple Techniques" tests="5" failures="0" timestamp="5 Sep 2016 11:47:19 GMT" time="131.144" errors="0">
  <testcase name="testAlert" time="21.668" classname="com.tranings.advanceselenium.waytoautomation.tests.TestScriptAdvanceElements"/>
  <testcase name="testDatePicker" time="30.152" classname="com.tranings.advanceselenium.waytoautomation.tests.TestScriptSimpleElements"/>
  <testcase name="testDynamicElements" time="5.76" classname="com.tranings.advanceselenium.waytoautomation.tests.TestScriptSimpleElements"/>
  <testcase name="testSelectables" time="6.064" classname="com.tranings.advanceselenium.waytoautomation.tests.TestScriptSimpleElements"/>
  <testcase name="testToolTip" time="4.93" classname="com.tranings.advanceselenium.waytoautomation.tests.TestScriptSimpleElements"/>
</testsuite> <!-- Way To Automation Simple Techniques -->
