<?xml version="1.0" encoding="UTF-8"?>
<!-- Generated by org.testng.reporters.JUnitXMLReporter -->
<testsuite hostname="HomeLaptop-PC" name="Way To Automation Advanced Techniques" tests="2" failures="0" timestamp="27 Sep 2016 02:33:05 GMT" time="132.118" errors="0">
  <testcase name="testAlert" time="23.235" classname="com.tranings.advanceselenium.waytoautomation.tests.TestScriptAdvanceElements"/>
  <testcase name="testDraggable" time="16.084" classname="com.tranings.advanceselenium.waytoautomation.tests.TestScriptAdvanceElements"/>
</testsuite> <!-- Way To Automation Advanced Techniques -->
