<?xml version="1.0" encoding="UTF-8"?>
<testsuite name="Way To Automation Advanced Techniques"
           tests="1"
           failures="1"
           errors="0"
           skipped="0"
           time="0.025">
  <properties />
            <testcase name="testAlert" time="0.025" classname="com.tranings.advanceselenium.waytoautomation.tests.TestScriptAdvanceElements">
                <failure type="java.lang.NullPointerException"
                  message="(null)"
              >
<![CDATA[java.lang.NullPointerException
  com.google.common.base.Preconditions.checkNotNull(Preconditions.java:212)
  org.openqa.selenium.support.ui.FluentWait.<init>(FluentWait.java:102)
  org.openqa.selenium.support.ui.WebDriverWait.<init>(WebDriverWait.java:71)
  org.openqa.selenium.support.ui.WebDriverWait.<init>(WebDriverWait.java:45)
  com.tranings.advanceselenium.waytoautomation.library.Utils.minWaitForElementToBeVisible(Utils.java:25)
  com.tranings.advanceselenium.waytoautomation.pages.Alerts.alertFunction(Alerts.java:23)
  com.tranings.advanceselenium.waytoautomation.tests.TestScriptAdvanceElements.testAlert(TestScriptAdvanceElements.java:26)
  sun.reflect.NativeMethodAccessorImpl.invoke0(Native Method)
  sun.reflect.NativeMethodAccessorImpl.invoke(NativeMethodAccessorImpl.java:62)
  sun.reflect.DelegatingMethodAccessorImpl.invoke(DelegatingMethodAccessorImpl.java:43)
  java.lang.reflect.Method.invoke(Method.java:497)
  org.testng.internal.MethodInvocationHelper.invokeMethod(MethodInvocationHelper.java:85)
  org.testng.internal.Invoker.invokeMethod(Invoker.java:639)
  org.testng.internal.Invoker.invokeTestMethod(Invoker.java:816)
  org.testng.internal.Invoker.invokeTestMethods(Invoker.java:1124)
  org.testng.internal.TestMethodWorker.invokeTestMethods(TestMethodWorker.java:125)
  org.testng.internal.TestMethodWorker.run(TestMethodWorker.java:108)
  org.testng.TestRunner.privateRun(TestRunner.java:774)
  org.testng.TestRunner.run(TestRunner.java:624)
  org.testng.SuiteRunner.runTest(SuiteRunner.java:359)
  org.testng.SuiteRunner.runSequentially(SuiteRunner.java:354)
  org.testng.SuiteRunner.privateRun(SuiteRunner.java:312)
  org.testng.SuiteRunner.run(SuiteRunner.java:261)
  org.testng.SuiteRunnerWorker.runSuite(SuiteRunnerWorker.java:52)
  org.testng.SuiteRunnerWorker.run(SuiteRunnerWorker.java:86)
  org.testng.TestNG.runSuitesSequentially(TestNG.java:1215)
  org.testng.TestNG.runSuitesSequentially(TestNG.java:1211)
  org.testng.TestNG.runSuitesLocally(TestNG.java:1140)
  org.testng.TestNG.run(TestNG.java:1048)
  org.testng.remote.AbstractRemoteTestNG.run(AbstractRemoteTestNG.java:126)
  org.testng.remote.RemoteTestNG.initAndRun(RemoteTestNG.java:152)
  org.testng.remote.RemoteTestNG.main(RemoteTestNG.java:57)
]]>
      </failure>

          </testcase>
  
  
  
</testsuite>
