<?xml version="1.0" encoding="UTF-8"?>
<testng-results skipped="0" failed="0" total="4" passed="4">
  <reporter-output>
  </reporter-output>
  <suite name="Way To Automation" duration-ms="111428" started-at="2016-09-13T06:50:12Z" finished-at="2016-09-13T06:52:04Z">
    <groups>
    </groups>
    <test name="Way To Automation Simple Techniques" duration-ms="111428" started-at="2016-09-13T06:50:12Z" finished-at="2016-09-13T06:52:04Z">
      <class name="com.tranings.advanceselenium.waytoautomation.tests.TestScriptSimpleElements">
        <test-method status="PASS" signature="initialize()[pri:0, instance:com.tranings.advanceselenium.waytoautomation.tests.TestScriptSimpleElements@1d16f93d]" name="initialize" is-config="true" duration-ms="64072" started-at="2016-09-13T12:20:12Z" finished-at="2016-09-13T12:21:17Z">
          <reporter-output>
          </reporter-output>
        </test-method> <!-- initialize -->
        <test-method status="PASS" signature="testDatePicker()[pri:0, instance:com.tranings.advanceselenium.waytoautomation.tests.TestScriptSimpleElements@1d16f93d]" name="testDatePicker" duration-ms="30044" started-at="2016-09-13T12:21:17Z" finished-at="2016-09-13T12:21:47Z">
          <reporter-output>
          </reporter-output>
        </test-method> <!-- testDatePicker -->
        <test-method status="PASS" signature="testDynamicElements()[pri:0, instance:com.tranings.advanceselenium.waytoautomation.tests.TestScriptSimpleElements@1d16f93d]" name="testDynamicElements" duration-ms="5415" started-at="2016-09-13T12:21:47Z" finished-at="2016-09-13T12:21:52Z">
          <reporter-output>
          </reporter-output>
        </test-method> <!-- testDynamicElements -->
        <test-method status="PASS" signature="testSelectables()[pri:0, instance:com.tranings.advanceselenium.waytoautomation.tests.TestScriptSimpleElements@1d16f93d]" name="testSelectables" duration-ms="6004" started-at="2016-09-13T12:21:52Z" finished-at="2016-09-13T12:21:58Z">
          <reporter-output>
          </reporter-output>
        </test-method> <!-- testSelectables -->
        <test-method status="PASS" signature="testToolTip()[pri:0, instance:com.tranings.advanceselenium.waytoautomation.tests.TestScriptSimpleElements@1d16f93d]" name="testToolTip" duration-ms="4980" started-at="2016-09-13T12:21:58Z" finished-at="2016-09-13T12:22:03Z">
          <reporter-output>
          </reporter-output>
        </test-method> <!-- testToolTip -->
        <test-method status="PASS" signature="closeProject()[pri:0, instance:com.tranings.advanceselenium.waytoautomation.tests.TestScriptSimpleElements@1d16f93d]" name="closeProject" is-config="true" duration-ms="871" started-at="2016-09-13T12:22:03Z" finished-at="2016-09-13T12:22:04Z">
          <reporter-output>
          </reporter-output>
        </test-method> <!-- closeProject -->
        <test-method status="PASS" signature="sendMail()[pri:0, instance:com.tranings.advanceselenium.waytoautomation.tests.TestScriptSimpleElements@1d16f93d]" name="sendMail" is-config="true" duration-ms="4953" started-at="2016-09-13T12:22:04Z" finished-at="2016-09-13T12:22:09Z">
          <reporter-output>
          </reporter-output>
        </test-method> <!-- sendMail -->
      </class> <!-- com.tranings.advanceselenium.waytoautomation.tests.TestScriptSimpleElements -->
    </test> <!-- Way To Automation Simple Techniques -->
  </suite> <!-- Way To Automation -->
</testng-results>
